<?xml version="1.0" encoding="UTF-8"?>
<!-- Generated by org.testng.reporters.JUnitReportReporter -->
<testsuite hostname="Sreekanths-Mini.attlocal.net" failures="0" tests="1" name="w3project.W3MainMenuTest" time="3.118" errors="0" timestamp="2021-06-19T08:26:16 CDT" skipped="0">
  <testcase classname="w3project.W3MainMenuTest" name="clickTutorial" time="3.118"/>
  <system-out/>
</testsuite> <!-- w3project.W3MainMenuTest -->
